  pch.cpp
  Camera.cpp
C:\Users\epulzatto\source\repos\MoteurCustomProjet\Engine\Camera.cpp(1,1): fatal  error C1010: fin de fichier inattendue lors de la recherche d'un en-tête précompilé. N'auriez-vous pas oublié d'ajouter '#include "pch.h"' à votre source ?
  Collider.cpp
C:\Users\epulzatto\source\repos\MoteurCustomProjet\Engine\Collider.cpp(1,1): fatal  error C1010: fin de fichier inattendue lors de la recherche d'un en-tête précompilé. N'auriez-vous pas oublié d'ajouter '#include "pch.h"' à votre source ?
  Component.cpp
C:\Users\epulzatto\source\repos\MoteurCustomProjet\Engine\Component.cpp(1,1): fatal  error C1010: fin de fichier inattendue lors de la recherche d'un en-tête précompilé. N'auriez-vous pas oublié d'ajouter '#include "pch.h"' à votre source ?
  Engine.cpp
C:\Users\epulzatto\source\repos\MoteurCustomProjet\Engine\Engine.cpp(12,1): fatal  error C1010: fin de fichier inattendue lors de la recherche d'un en-tête précompilé. N'auriez-vous pas oublié d'ajouter '#include "pch.h"' à votre source ?
  GameObject.cpp
C:\Users\epulzatto\source\repos\MoteurCustomProjet\Engine\GameObject.cpp(1,1): fatal  error C1010: fin de fichier inattendue lors de la recherche d'un en-tête précompilé. N'auriez-vous pas oublié d'ajouter '#include "pch.h"' à votre source ?
  Input.cpp
C:\Users\epulzatto\source\repos\MoteurCustomProjet\Engine\Input.cpp(1,1): fatal  error C1010: fin de fichier inattendue lors de la recherche d'un en-tête précompilé. N'auriez-vous pas oublié d'ajouter '#include "pch.h"' à votre source ?
  Meshes.cpp
C:\Users\epulzatto\source\repos\MoteurCustomProjet\Engine\Meshes.cpp(1,1): fatal  error C1010: fin de fichier inattendue lors de la recherche d'un en-tête précompilé. N'auriez-vous pas oublié d'ajouter '#include "pch.h"' à votre source ?
  MeshesRenderer.cpp
C:\Users\epulzatto\source\repos\MoteurCustomProjet\Engine\MeshesRenderer.cpp(1,1): fatal  error C1010: fin de fichier inattendue lors de la recherche d'un en-tête précompilé. N'auriez-vous pas oublié d'ajouter '#include "pch.h"' à votre source ?
  Render.cpp
C:\Users\epulzatto\source\repos\MoteurCustomProjet\Engine\Render.cpp(1,1): fatal  error C1010: fin de fichier inattendue lors de la recherche d'un en-tête précompilé. N'auriez-vous pas oublié d'ajouter '#include "pch.h"' à votre source ?
  Shader.cpp
C:\Users\epulzatto\source\repos\MoteurCustomProjet\Engine\Shader.cpp(1,1): fatal  error C1010: fin de fichier inattendue lors de la recherche d'un en-tête précompilé. N'auriez-vous pas oublié d'ajouter '#include "pch.h"' à votre source ?
  Texture.cpp
C:\Users\epulzatto\source\repos\MoteurCustomProjet\Engine\Texture.cpp(1,1): fatal  error C1010: fin de fichier inattendue lors de la recherche d'un en-tête précompilé. N'auriez-vous pas oublié d'ajouter '#include "pch.h"' à votre source ?
  Time.cpp
C:\Users\epulzatto\source\repos\MoteurCustomProjet\Engine\Time.cpp(108,1): fatal  error C1010: fin de fichier inattendue lors de la recherche d'un en-tête précompilé. N'auriez-vous pas oublié d'ajouter '#include "pch.h"' à votre source ?
  Transform.cpp
C:\Users\epulzatto\source\repos\MoteurCustomProjet\Engine\Transform.cpp(1,1): fatal  error C1010: fin de fichier inattendue lors de la recherche d'un en-tête précompilé. N'auriez-vous pas oublié d'ajouter '#include "pch.h"' à votre source ?
  LEngine.cpp
  Génération de code en cours...
